[    0.000000] Initializing cgroup subsys cpuset
[    0.000000] Initializing cgroup subsys cpu
[    0.000000] Initializing cgroup subsys cpuacct
[    0.000000] Linux version 4.4.0-130-generic (buildd@lgw01-amd64-039) (gcc version 5.4.0 20160609 (Ubuntu 5.4.0-6ubuntu1~16.04.9) ) #156-Ubuntu SMP Thu Jun 14 08:53:28 UTC 2018 (Ubuntu 4.4.0-130.156-generic 4.4.134)
[    0.000000] Command line: BOOT_IMAGE=/boot/vmlinuz-4.4.0-130-generic root=UUID=2ee7d6fa-e656-40b5-89e5-042755616b92 ro console=tty1 console=ttyS0
[    0.000000] KERNEL supported cpus:
[    0.000000]   Intel GenuineIntel
[    0.000000]   AMD AuthenticAMD
[    0.000000]   Centaur CentaurHauls
[    0.000000] x86/fpu: xstate_offset[2]:  576, xstate_sizes[2]:  256
[    0.000000] x86/fpu: Supporting XSAVE feature 0x01: 'x87 floating point registers'
[    0.000000] x86/fpu: Supporting XSAVE feature 0x02: 'SSE registers'
[    0.000000] x86/fpu: Supporting XSAVE feature 0x04: 'AVX registers'
[    0.000000] x86/fpu: Enabled xstate features 0x7, context size is 832 bytes, using 'standard' format.
[    0.000000] x86/fpu: Using 'eager' FPU context switches.
[    0.000000] e820: BIOS-provided physical RAM map:
[    0.000000] BIOS-e820: [mem 0x0000000000000000-0x000000000009fbff] usable
[    0.000000] BIOS-e820: [mem 0x000000000009fc00-0x000000000009ffff] reserved
[    0.000000] BIOS-e820: [mem 0x00000000000f0000-0x00000000000fffff] reserved
[    0.000000] BIOS-e820: [mem 0x0000000000100000-0x000000003ffeffff] usable
[    0.000000] BIOS-e820: [mem 0x000000003fff0000-0x000000003fffffff] ACPI data
[    0.000000] BIOS-e820: [mem 0x00000000fec00000-0x00000000fec00fff] reserved
[    0.000000] BIOS-e820: [mem 0x00000000fee00000-0x00000000fee00fff] reserved
[    0.000000] BIOS-e820: [mem 0x00000000fffc0000-0x00000000ffffffff] reserved
[    0.000000] NX (Execute Disable) protection: active
[    0.000000] SMBIOS 2.5 present.
[    0.000000] Hypervisor detected: KVM
[    0.000000] e820: last_pfn = 0x3fff0 max_arch_pfn = 0x400000000
[    0.000000] MTRR: Disabled
[    0.000000] x86/PAT: MTRRs disabled, skipping PAT initialization too.
[    0.000000] CPU MTRRs all blank - virtualized system.
[    0.000000] x86/PAT: Configuration [0-7]: WB  WT  UC- UC  WB  WT  UC- UC  
[    0.000000] found SMP MP-table at [mem 0x0009fff0-0x0009ffff] mapped at [ffff88000009fff0]
[    0.000000] Scanning 1 areas for low memory corruption
[    0.000000] RAMDISK: [mem 0x361f2000-0x370f0fff]
[    0.000000] ACPI: Early table checksum verification disabled
[    0.000000] ACPI: RSDP 0x00000000000E0000 000024 (v02 VBOX  )
[    0.000000] ACPI: XSDT 0x000000003FFF0030 00003C (v01 VBOX   VBOXXSDT 00000001 ASL  00000061)
[    0.000000] ACPI: FACP 0x000000003FFF00F0 0000F4 (v04 VBOX   VBOXFACP 00000001 ASL  00000061)
[    0.000000] ACPI: DSDT 0x000000003FFF0470 0021FF (v02 VBOX   VBOXBIOS 00000002 INTL 20100528)
[    0.000000] ACPI: FACS 0x000000003FFF0200 000040
[    0.000000] ACPI: FACS 0x000000003FFF0200 000040
[    0.000000] ACPI: APIC 0x000000003FFF0240 00005C (v02 VBOX   VBOXAPIC 00000001 ASL  00000061)
[    0.000000] ACPI: SSDT 0x000000003FFF02A0 0001CC (v01 VBOX   VBOXCPUT 00000002 INTL 20100528)
[    0.000000] No NUMA configuration found
[    0.000000] Faking a node at [mem 0x0000000000000000-0x000000003ffeffff]
[    0.000000] NODE_DATA(0) allocated [mem 0x3ffeb000-0x3ffeffff]
[    0.000000] kvm-clock: Using msrs 4b564d01 and 4b564d00
[    0.000000] kvm-clock: cpu 0, msr 0:3ffe3001, primary cpu clock
[    0.000000] kvm-clock: using sched offset of 12192437552 cycles
[    0.000000] clocksource: kvm-clock: mask: 0xffffffffffffffff max_cycles: 0x1cd42e4dffb, max_idle_ns: 881590591483 ns
[    0.000000] Zone ranges:
[    0.000000]   DMA      [mem 0x0000000000001000-0x0000000000ffffff]
[    0.000000]   DMA32    [mem 0x0000000001000000-0x000000003ffeffff]
[    0.000000]   Normal   empty
[    0.000000]   Device   empty
[    0.000000] Movable zone start for each node
[    0.000000] Early memory node ranges
[    0.000000]   node   0: [mem 0x0000000000001000-0x000000000009efff]
[    0.000000]   node   0: [mem 0x0000000000100000-0x000000003ffeffff]
[    0.000000] Initmem setup node 0 [mem 0x0000000000001000-0x000000003ffeffff]
[    0.000000] ACPI: PM-Timer IO Port: 0x4008
[    0.000000] IOAPIC[0]: apic_id 2, version 32, address 0xfec00000, GSI 0-23
[    0.000000] ACPI: INT_SRC_OVR (bus 0 bus_irq 0 global_irq 2 dfl dfl)
[    0.000000] ACPI: INT_SRC_OVR (bus 0 bus_irq 9 global_irq 9 high level)
[    0.000000] Using ACPI (MADT) for SMP configuration information
[    0.000000] smpboot: Allowing 2 CPUs, 0 hotplug CPUs
[    0.000000] PM: Registered nosave memory: [mem 0x00000000-0x00000fff]
[    0.000000] PM: Registered nosave memory: [mem 0x0009f000-0x0009ffff]
[    0.000000] PM: Registered nosave memory: [mem 0x000a0000-0x000effff]
[    0.000000] PM: Registered nosave memory: [mem 0x000f0000-0x000fffff]
[    0.000000] e820: [mem 0x40000000-0xfebfffff] available for PCI devices
[    0.000000] Booting paravirtualized kernel on KVM
[    0.000000] clocksource: refined-jiffies: mask: 0xffffffff max_cycles: 0xffffffff, max_idle_ns: 7645519600211568 ns
[    0.000000] setup_percpu: NR_CPUS:512 nr_cpumask_bits:512 nr_cpu_ids:2 nr_node_ids:1
[    0.000000] PERCPU: Embedded 34 pages/cpu @ffff88003fc00000 s99544 r8192 d31528 u1048576
[    0.000000] PV qspinlock hash table entries: 256 (order: 0, 4096 bytes)
[    0.000000] Built 1 zonelists in Node order, mobility grouping on.  Total pages: 257912
[    0.000000] Policy zone: DMA32
[    0.000000] Kernel command line: BOOT_IMAGE=/boot/vmlinuz-4.4.0-130-generic root=UUID=2ee7d6fa-e656-40b5-89e5-042755616b92 ro console=tty1 console=ttyS0
[    0.000000] PID hash table entries: 4096 (order: 3, 32768 bytes)
[    0.000000] Memory: 997160K/1048120K available (8546K kernel code, 1313K rwdata, 4000K rodata, 1516K init, 1316K bss, 50960K reserved, 0K cma-reserved)
[    0.000000] SLUB: HWalign=64, Order=0-3, MinObjects=0, CPUs=2, Nodes=1
[    0.000000] Kernel/User page tables isolation: enabled
[    0.000000] Hierarchical RCU implementation.
[    0.000000] 	Build-time adjustment of leaf fanout to 64.
[    0.000000] 	RCU restricting CPUs from NR_CPUS=512 to nr_cpu_ids=2.
[    0.000000] RCU: Adjusting geometry for rcu_fanout_leaf=64, nr_cpu_ids=2
[    0.000000] NR_IRQS:33024 nr_irqs:440 16
[    0.000000] Console: colour VGA+ 80x25
[    0.000000] console [tty1] enabled
[    0.000000] console [ttyS0] enabled
[    0.000000] tsc: Detected 2712.008 MHz processor
[    5.081800] Calibrating delay loop (skipped) preset value.. 5424.01 BogoMIPS (lpj=10848032)
[    5.238938] pid_max: default: 32768 minimum: 301
[    5.362322] ACPI: Core revision 20150930
[    5.441691] ACPI: 2 ACPI AML tables successfully acquired and loaded
[    5.450341] Security Framework initialized
[    5.451086] Yama: becoming mindful.
[    5.456232] AppArmor: AppArmor initialized
[    5.457237] Dentry cache hash table entries: 131072 (order: 8, 1048576 bytes)
[    5.458611] Inode-cache hash table entries: 65536 (order: 7, 524288 bytes)
[    5.468968] Mount-cache hash table entries: 2048 (order: 2, 16384 bytes)
[    5.471498] Mountpoint-cache hash table entries: 2048 (order: 2, 16384 bytes)
[    5.472688] Initializing cgroup subsys io
[    5.473407] Initializing cgroup subsys memory
[    5.474135] Initializing cgroup subsys devices
[    5.515280] Initializing cgroup subsys freezer
[    5.558819] Initializing cgroup subsys net_cls
[    5.559610] Initializing cgroup subsys perf_event
[    5.577127] Initializing cgroup subsys net_prio
[    5.578038] Initializing cgroup subsys hugetlb
[    5.588592] Initializing cgroup subsys pids
[    5.589414] CPU: Physical Processor ID: 0
[    5.590133] CPU: Processor Core ID: 0
[    5.595059] mce: CPU supports 0 MCE banks
[    5.645333] Last level iTLB entries: 4KB 128, 2MB 8, 4MB 8
[    5.677447] Last level dTLB entries: 4KB 64, 2MB 0, 4MB 0, 1GB 4
[    5.687288] Spectre V2 : Mitigation: Full generic retpoline
[    5.762773] Spectre V2 : Speculation control IBPB not-supported IBRS not-supported
[    5.764136] Spectre V2 : Filling RSB on context switch
[    5.779570] Speculative Store Bypass: Vulnerable
[    5.783101] Freeing SMP alternatives memory: 32K
[    5.805619] ftrace: allocating 32245 entries in 126 pages
[    5.875428] smpboot: APIC(0) Converting physical 0 to logical package 0
[    5.887274] smpboot: Max logical packages: 1
[    5.917756] x2apic enabled
[    5.920565] Switched APIC routing to physical x2apic.
[    5.928087] ..TIMER: vector=0x30 apic1=0 pin1=2 apic2=-1 pin2=-1
[    6.037941] smpboot: CPU0: Intel(R) Core(TM) i5-6400 CPU @ 2.70GHz (family: 0x6, model: 0x5e, stepping: 0x3)
[    6.183655] Performance Events: unsupported p6 CPU model 94 no PMU driver, software events only.
[    6.288430] KVM setup paravirtual spinlock
[    6.357659]x86: Booting SMP configuration:
[    6.487901] .... node  #0, CPUs:      #1
[    6.568635] kvm-clock: cpu 1, msr 0:3ffe3041, secondary cpu clock
[    6.613080] mce: CPU supports 0 MCE banks
[    6.653035] x86: Booted up 1 node, 2 CPUs
[    6.758902] smpboot: Total of 2 processors activated (10848.03 BogoMIPS)
[    6.879418] devtmpfs: initialized
[    6.905695] evm: security.selinux
[    6.938353] evm: security.SMACK64
[    6.961909] evm: security.SMACK64EXEC
[    6.974805] evm: security.SMACK64TRANSMUTE
[    6.977745] evm: security.SMACK64MMAP
[    7.025880] evm: security.ima
[    7.093719] evm: security.capability
[    7.183451] clocksource: jiffies: mask: 0xffffffff max_cycles: 0xffffffff, max_idle_ns: 7645041785100000 ns
[    7.369145] futex hash table entries: 512 (order: 3, 32768 bytes)
[    7.370220] pinctrl core: initialized pinctrl subsystem
[    7.371168] RTC time: 23:33:40, date: 07/10/18
[    7.380918] NET: Registered protocol family 16
[    7.477382] cpuidle: using governor ladder
[    7.504473] cpuidle: using governor menu
[    7.535548] PCCT header not found.
[    7.536223] ACPI: bus type PCI registered
[    7.537156] acpiphp: ACPI Hot Plug PCI Controller Driver version: 0.5
[    7.538218] PCI: Using configuration type 1 for base access
[    7.616035] ACPI: Added _OSI(Module Device)
[    7.688242] ACPI: Added _OSI(Processor Device)
[    7.713100] ACPI: Added _OSI(3.0 _SCP Extensions)
[    7.751721] ACPI: Added _OSI(Processor Aggregator Device)
[    7.843517] ACPI: Executed 1 blocks of module-level executable AML code
[    7.889335] ACPI: Interpreter enabled
[    7.939719] ACPI: (supports S0 S5)
[    7.995870] ACPI: Using IOAPIC for interrupt routing
[    8.071534] PCI: Using host bridge windows from ACPI; if necessary, use "pci=nocrs" and report a bug
[    8.280664] ACPI: PCI Root Bridge [PCI0] (domain 0000 [bus 00-ff])
[    8.394481] acpi PNP0A03:00: _OSC: OS supports [ASPM ClockPM Segments MSI]
[    8.410880] acpi PNP0A03:00: _OSC: not requesting OS control; OS requires [ExtendedConfig ASPM ClockPM MSI]
[    8.423514] acpi PNP0A03:00: fail to add MMCONFIG information, can't access extended PCI configuration space under this bridge.
[    8.464250] PCI host bridge to bus 0000:00
[    8.549737] pci_bus 0000:00: root bus resource [io  0x0000-0x0cf7 window]
[    8.690419] pci_bus 0000:00: root bus resource [io  0x0d00-0xffff window]
[    8.792389] pci_bus 0000:00: root bus resource [mem 0x000a0000-0x000bffff window]
[    8.891129] pci_bus 0000:00: root bus resource [mem 0x40000000-0xffdfffff window]
[    9.062037] pci_bus 0000:00: root bus resource [bus 00-ff]
[    9.086586] pci 0000:00:01.1: legacy IDE quirk: reg 0x10: [io  0x01f0-0x01f7]
[    9.107198] pci 0000:00:01.1: legacy IDE quirk: reg 0x14: [io  0x03f6]
[    9.251619] pci 0000:00:01.1: legacy IDE quirk: reg 0x18: [io  0x0170-0x0177]
[    9.375301] pci 0000:00:01.1: legacy IDE quirk: reg 0x1c: [io  0x0376]
[    9.525133] pci 0000:00:07.0: quirk: [io  0x4000-0x403f] claimed by PIIX4 ACPI
[    9.714028] pci 0000:00:07.0: quirk: [io  0x4100-0x410f] claimed by PIIX4 SMB
[    9.802120] ACPI: PCI Interrupt Link [LNKA] (IRQs 5 9 10 *11)
[    9.918926] ACPI: PCI Interrupt Link [LNKB] (IRQs 5 9 10 *11)
[   10.025406] ACPI: PCI Interrupt Link [LNKC] (IRQs 5 9 *10 11)
[   10.028932] ACPI: PCI Interrupt Link [LNKD] (IRQs 5 *9 10 11)
[   10.140174] ACPI: Enabled 2 GPEs in block 00 to 07
[   10.143722] vgaarb: setting as boot device: PCI:0000:00:02.0
[   10.145763] vgaarb: device added: PCI:0000:00:02.0,decodes=io+mem,owns=io+mem,locks=none
[   10.147693] vgaarb: loaded
[   10.165645] vgaarb: bridge control possible 0000:00:02.0
[   10.277323] SCSI subsystem initialized
[   10.357219] API: bus type USB registered
[   10.469278] usbcore: registered new interface driver usbfs
[   10.595957] usbcore: registered new interface driver hub
[   10.708322] usbcore: registered new device driver usb
[   10.795667] PCI: Using ACPI for IRQ routing
[   10.903045] NetLabel: Initializing
[   10.977707] NetLabel:  domain hash size = 128
[   11.091302] NetLabel:  protocols = UNLABELED CIPSOv4
[   11.092238] NetLabel:  unlabeled traffic allowed by default
[   11.093279] amd_nb: Cannot enumerate AMD northbridges
[   11.150813] clocksource: Switched to clocksource kvm-clock
[   11.195699] AppArmor: AppArmor Filesystem Enabled
[   11.306295] pnp: PnP ACPI init
[   11.391070] pnp: PnP ACPI: found 3 devices
[   11.518269] clocksource: acpi_pm: mask: 0xffffff max_cycles: 0xffffff, max_idle_ns: 2085701024 ns
[   11.782619] NET: Registered protocol family 2
[   11.919869] TCP established hash table entries: 8192 (order: 4, 65536 bytes)
[   12.132882] TCP bind hash table entries: 8192 (order: 5, 131072 bytes)
[   12.238381] TCP: Hash tables configured (established 8192 bind 8192)
[   12.325873] UDP hash table entries: 512 (order: 2, 16384 bytes)
[   12.394958] UDP-Lite hash table entries: 512 (order: 2, 16384 bytes)
[   12.457907] NET: Registered protocol family 1
[   12.469557] pci 0000:00:00.0: Limiting direct PCI/PCI transfers
[   12.551354] pci 0000:00:01.0: Activating ISA DMA hang workarounds
[   12.570723] Unpacking initramfs...
[   12.799240] Freeing initrd memory: 15356K
[   12.807174] platform rtc_cmos: registered platform RTC device (no PNP device found)
[   12.827631] Scanning for low memory corruption every 60 seconds
[   12.829170] audit: initializing netlink subsys (disabled)
[   12.830218] audit: type=2000 audit(1531265629.346:1): initialized
[   12.838524] Initialise system trusted keyring
[   12.842471] HugeTLB registered 2 MB page size, pre-allocated 0 pages
[   12.850183] zbud: loaded
[   12.851182] VFS: Disk quotas dquot_6.6.0
[   12.851954] VFS: Dquot-cache hash table entries: 512 (order 0, 4096 bytes)
[   12.855388] squashfs: version 4.0 (2009/01/31) Phillip Lougher
[   12.860775] fuse init (API version 7.23)
[   12.861781] Key type big_key registered
[   12.864526] Allocating IMA MOK and blacklist keyrings.
[   12.866953] Key type asymmetric registered
[   12.870604] Asymmetric key parser 'x509' registered
[   12.872731] Block layer SCSI generic (bsg) driver version 0.4 loaded (major 249)
[   12.874263] io scheduler noop registered
[   12.875067] io scheduler deadline registered (default)
[   12.899096] io scheduler cfq registered
[   12.901705] pci_hotplug: PCI Hot Plug PCI Core version: 0.5
[   12.908620] pciehp: PCI Express Hot Plug Controller Driver version: 0.4
[   12.965326] ACPI: AC Adapter [AC] (on-line)
[   12.975512] input: Power Button as /devices/LNXSYSTM:00/LNXPWRBN:00/input/input0
[   13.067517] ACPI: Power Button [PWRF]
[   13.107197] input: Sleep Button as /devices/LNXSYSTM:00/LNXSLPBN:00/input/input1
[   13.220050] ACPI: Sleep Button [SLPF]
[   13.281563] GHES: HEST is not enabled!
[   13.294732] Serial: 8250/16550 driver, 32 ports, IRQ sharing enabled
[   13.354899] 00:02: ttyS0 at I/O 0x3f8 (irq = 4, base_baud = 115200) is a 16550A
[   13.535026] Linux agpgart interface v0.103
[   13.641887] loop: module loaded
[   13.650724] scsi host0: ata_piix
[   13.658654] scsi host1: ata_piix
[   13.660366] ata1: PATA max UDMA/33 cmd 0x1f0 ctl 0x3f6 bmdma 0xd000 irq 14
[   13.661390] ata2: PATA max UDMA/33 cmd 0x170 ctl 0x376 bmdma 0xd008 irq 15
[   13.662661] libphy: Fixed MDIO Bus: probed
[   13.663350] tun: Universal TUN/TAP device driver, 1.6
[   13.670022] tun: (C) 1999-2004 Max Krasnyansky <maxk@qualcomm.com>
[   13.671036] PPP generic driver version 2.4.2
[   13.671885] ehci_hcd: USB 2.0 'Enhanced' Host Controller (EHCI) Driver
[   13.672905] ehci-pci: EHCI PCI platform driver
[   13.673637] ehci-platform: EHCI generic platform driver
[   13.675592] ohci_hcd: USB 1.1 'Open' Host Controller (OHCI) Driver
[   13.717247] ohci-pci: OHCI PCI platform driver
[   13.778229] ohci-platform: OHCI generic platform driver
[   13.808318] tsc: Refined TSC clocksource calibration: 2712.218 MHz
[   13.808335] clocksource: tsc: mask: 0xffffffffffffffff max_cycles: 0x2718542570a, max_idle_ns: 440795219438 ns
[   13.850198] uhci_hcd: USB Universal Host Controller Interface driver
[   13.891979] i8042: PNP: PS/2 Controller [PNP0303:PS2K,PNP0f03:PS2M] at 0x60,0x64 irq 1,12
[   13.974051] serio: i8042 KBD port at 0x60,0x64 irq 1
[   14.059380] serio: i8042 AUX port at 0x60,0x64 irq 12
[   14.065640] mousedev: PS/2 mouse device common for all mice
[   14.082194] rtc_cmos rtc_cmos: rtc core: registered rtc_cmos as rtc0
[   14.192133] rtc_cmos rtc_cmos: alarms up to one day, 114 bytes nvram
[   14.253127] input: AT Translated Set 2 keyboard as /devices/platform/i8042/serio0/input/input2
[   14.280075] i2c /dev entries driver
[   14.324384] device-mapper: uevent: version 1.0.3
[   14.375583] device-mapper: ioctl: 4.34.0-ioctl (2015-10-28) initialised: dm-devel@redhat.com
[   14.471553] ledtrig-cpu: registered to indicate activity on CPUs
[   14.551784] NET: Registered protocol family 10
[   14.592484] NET: Registered protocol family 17
[   14.641362] Key type dns_resolver registered
[   14.695284] registered taskstats version 1
[   14.775933] Loading compiled-in X.509 certificates
[   14.828401] Loaded X.509 cert 'Build time autogenerated kernel key: b3e0fe4bcd6378c38a2c0a4648abbc1fa5043a22'
[   14.943205] zswap: loaded using pool lzo/zbud
[   14.986082] Key type trusted registered
[   14.996929] Key type encrypted registered
[   15.069687] AppArmor: AppArmor sha1 policy hashing enabled
[   15.137140] ima: No TPM chip found, activating TPM-bypass!
[   15.229828] ima: Allocated hash algorithm: sha1
[   15.231620] evm: HMAC attrs: 0x1
[   15.232454]   Magic number: 10:228:605
[   15.287123] rtc_cmos rtc_cmos: setting system clock to 2018-07-10 23:33:48 UTC (1531265628)
[   15.377506] BIOS EDD facility v0.16 2004-Jun-25, 0 devices found
[   15.425115] EDD information not available.
[   15.460054] Freeing unused kernel memory: 1516K
[   15.559832] Write protecting the kernel read-only data: 14336k
[   15.589004] Freeing unused kernel memory: 1680K
[   15.667341] Freeing unused kernel memory: 96K
Loading, please [   15.765149] random: systemd-udevd: uninitialized urandom read (16 bytes read, 7 bits of entropy available)
wait...
startin[   15.765660] random: udevadm: uninitialized urandom read (16 bytes read, 7 bits of entropy available)
g version 229
[   15.765680] random: udevadm: uninitialized urandom read (16 bytes read, 7 bits of entropy available)
[   15.775372] random: udevadm: uninitialized urandom read (16 bytes read, 7 bits of entropy available)
[   15.775421] random: udevadm: uninitialized urandom read (16 bytes read, 7 bits of entropy available)
[   15.775566] random: udevadm: uninitialized urandom read (16 bytes read, 7 bits of entropy available)
[   15.775636] random: udevadm: uninitialized urandom read (16 bytes read, 7 bits of entropy available)
[   15.775689] random: udevadm: uninitialized urandom read (16 bytes read, 7 bits of entropy available)
[   15.775744] random: udevadm: uninitialized urandom read (16 bytes read, 7 bits of entropy available)
[   15.775806] random: udevadm: uninitialized urandom read (16 bytes read, 7 bits of entropy available)
[   16.233468] Fusion MPT base driver 3.04.20
[   16.273873] Copyright (c) 1999-2008 LSI Corporation
[   16.275713] e1000: Intel(R) PRO/1000 Network Driver - version 7.3.21-k8-NAPI
[   16.358084] e1000: Copyright (c) 1999-2006 Intel Corporation.
[   16.441061] input: ImExPS/2 Generic Explorer Mouse as /devices/platform/i8042/serio1/input/input4
[   16.502400] AVX version of gcm_enc/dec engaged.
[   16.510846] AES CTR mode by8 optimization enabled
[   16.552772] Fusion MPT SPI Host driver 3.04.20
[   16.935599] e1000 0000:00:03.0 eth0: (PCI:33MHz:32-bit) 02:b0:72:86:cc:22
[   16.971667] e1000 0000:00:03.0 eth0: Intel(R) PRO/1000 Network Connection
[   17.043813] e1000 0000:00:03.0 enp0s3: renamed from eth0
[   17.096663] mptbase: ioc0: Initiating bringup
[   17.211548] ioc0: LSI53C1030 A0: Capabilities={Initiator}
[   17.405230] scsi host2: ioc0: LSI53C1030 A0, FwRev=00000000h, Ports=1, MaxQ=256, IRQ=20
[   17.556332] scsi 2:0:0:0: Direct-Access     VBOX     HARDDISK         1.0  PQ: 0 ANSI: 5
[   17.601015] scsi target2:0:0: Beginning Domain Validation
[   17.602542] scsi target2:0:0: Domain Validation skipping write tests
[   17.609991] scsi target2:0:0: Ending Domain Validation
[   17.612548] scsi target2:0:0: asynchronous
[   17.613498] scsi 2:0:1:0: Direct-Access     VBOX     HARDDISK         1.0  PQ: 0 ANSI: 5
[   17.614795] scsi target2:0:1: Beginning Domain Validation
[   17.617784] scsi target2:0:1: Domain Validation skipping write tests
[   17.627768] scsi target2:0:1: Ending Domain Validation
[   17.704348] scsi target2:0:1: asynchronous
[   17.753878] sd 2:0:0:0: [sda] 20971520 512-byte logical blocks: (10.7 GB/10.0 GiB)
[   17.796765] sd 2:0:0:0: Attached scsi generic sg0 type 0
[   17.810338] sd 2:0:0:0: [sda] Write Protect is off
[   17.811398] sd 2:0:1:0: Attached scsi generic sg1 type 0
[   17.841217] sd 2:0:1:0: [sdb] 20480 512-byte logical blocks: (10.5 MB/10.0 MiB)
[   17.842830] sd 2:0:0:0: [sda] Incomplete mode parameter data
[   17.847157] sd 2:0:0:0: [sda] Assuming drive cache: write through
[   17.847305] sd 2:0:1:0: [sdb] Write Protect is off
[   17.847366] sd 2:0:1:0: [sdb] Incomplete mode parameter data
[   17.847367] sd 2:0:1:0: [sdb] Assuming drive cache: write through
[   17.887702]  sda: sda1
[   17.888920] sd 2:0:0:0: [sda] Attached SCSI disk
[   17.889028] sd 2:0:1:0: [sdb] Attached SCSI disk
Begin: Loading e[   19.243465] md: linear personality registered for level -1
ssential drivers ... [   19.272728] md: multipath personality registered for level -4
[   19.280378] md: raid0 personality registered for level 0
[   19.289525] md: raid1 personality registered for level 1
[   19.362835] raid6: sse2x1   gen()  8606 MB/s
[   19.443308] raid6: sse2x1   xor()  5262 MB/s
[   19.519828] raid6: sse2x2   gen() 10563 MB/s
[   19.587336] raid6: sse2x2   xor()  6998 MB/s
[   19.655308] raid6: sse2x4   gen() 11556 MB/s
[   19.727052] raid6: sse2x4   xor()  7656 MB/s
[   19.732592] raid6: using algorithm sse2x4 gen() 11556 MB/s
[   19.734540] raid6: .... xor() 7656 MB/s, rmw enabled
[   19.735584] raid6: using ssse3x2 recovery algorithm
[   19.739633] xor: automatically using best checksumming function:
[   19.790854]    avx       : 22691.000 MB/sec
[   19.800257] async_tx: api initialized (async)
[   19.811503] md: raid6 personality registered for level 6
[   19.827881] md: raid5 personality registered for level 5
[   19.828979] md: raid4 personality registered for level 4
[   19.835924] md: raid10 personality registered for level 10
done.
Begin: Running /scripts/init-premount ... done.
Begin: Mounting root file system ... Begin: Running /scripts/local-top ... done.
Begin: Running /scripts/local-premount ... [   19.875435] Btrfs loaded
Scanning for Btrfs filesystems
done.
Warning: fsck no[   19.942055] EXT4-fs (sda1): INFO: recovery required on readonly filesystem
t present, so skipping root file system
[   19.945608] EXT4-fs (sda1): write access will be enabled during recovery
[   20.186259] random: nonblocking pool is initialized
[   20.386059] EXT4-fs (sda1): recovery complete
[   20.450173] EXT4-fs (sda1): mounted filesystem with ordered data mode. Opts: (null)
done.
Begin: Running /scripts/local-bottom ... done.
Begin: Running /scripts/init-bottom ... done.
[   21.231354] systemd[1]: systemd 229 running in system mode. (+PAM +AUDIT +SELINUX +IMA +APPARMOR +SMACK +SYSVINIT +UTMP +LIBCRYPTSETUP +GCRYPT +GNUTLS +ACL +XZ -LZ4 +SECCOMP +BLKID +ELFUTILS +KMOD -IDN)
[   21.351606] systemd[1]: Detected virtualization oracle.
[   21.353630] systemd[1]: Detected architecture x86-64.

Welcome to [1mUbuntu 16.04.4 LTS[0m!

[   21.400405] systemd[1]: Set hostname to <ubuntu-xenial>.
[   22.169599] systemd[1]: Listening on udev Control Socket.
[[0;32m  OK  [0m] Listening on udev Control Socket.
[   22.340041] systemd[1]: Reached target Encrypted Volumes.
[[0;32m  OK  [0m] Reached target Encrypted Volumes.
[   22.423985] systemd[1]: Created slice User and Session Slice.
[[0;32m  OK  [0m] Created slice User and Session Slice.
[   22.456173] systemd[1]: Started Trigger resolvconf update for networkd DNS.
[[0;32m  OK  [0m] Started Trigger resolvconf update for networkd DNS.
[   22.667571] systemd[1]: Listening on LVM2 poll daemon socket.
[[0;32m  OK  [0m] Listening on LVM2 poll daemon socket.
[   22.739587] systemd[1]: Listening on Journal Socket.
[[0;32m  OK  [0m] Listening on Journal Socket.
[   22.828368] systemd[1]: Reached target Swap.
[[0;32m  OK  [0m] Reached target Swap.
[   22.864122] systemd[1]: Started Forward Password Requests to Wall Directory Watch.
[[0;32m  OK  [0m] Started Forward Password Requests to Wall Directory Watch.
[   22.905311] systemd[1]: Listening on udev Kernel Socket.
[[0;32m  OK  [0m] Listening on udev Kernel Socket.
[   22.913141] systemd[1]: Reached target User and Group Name Lookups.
[[0;32m  OK  [0m] Reached target User and Group Name Lookups.
[   22.934004] systemd[1]: Reached target System Time Synchronized.
[[0;32m  OK  [0m] Reached target System Time Synchronized.
[   23.037873] systemd[1]: Listening on Device-mapper event daemon FIFOs.
[[0;32m  OK  [0m] Listening on Device-mapper event daemon FIFOs.
[   23.123803] systemd[1]: Set up automount Arbitrary Executable File Formats File System Automount Point.
[[0;32m  OK  [0m] Set up automount Arbitrary Executab...ats File System Automount Point.
[   23.379538] systemd[1]: Listening on Journal Socket (/dev/log).
[[0;32m  OK  [0m] Listening on Journal Socket (/dev/log).
[   23.547516] systemd[1]: Listening on LVM2 metadata daemon socket.
[[0;32m  OK  [0m] Listening on LVM2 metadata daemon socket.
[   23.732273] systemd[1]: Created slice System Slice.
[[0;32m  OK  [0m] Created slice System Slice.
[   23.842920] systemd[1]: Mounting Debug File System...
         Mounting Debug File System...
[   23.889511] systemd[1]: Starting Create list of required static device nodes for the current kernel...
         Starting Create list of required st... nodes for the current kernel...
[   23.922254] systemd[1]: Created slice system-serial\x2dgetty.slice.
[[0;32m  OK  [0m] Created slice system-serial\x2dgetty.slice.
[   23.975445] systemd[1]: Starting Load Kernel Modules...
[   24.070944] Loading iSCSI transport class v2.0-870.
         Starting Load Kernel Modules...
[   24.214754] iscsi: registered transport (tcp)
[   24.214929] systemd[1]: Mounting Huge Pages File System...
         Mounting Huge Pages File System...
[   24.324197] iscsi: registered transport (iser)
[   24.423245] systemd[1]: Listening on Journal Audit Socket.
[[0;32m  OK  [0m] Listening on Journal Audit Socket.
[   24.584607] systemd[1]: Reached target Slices.
[[0;32m  OK  [0m] Reached target Slices.
[   24.723005] systemd[1]: Starting Monitoring of LVM2 mirrors, snapshots etc. using dmeventd or progress polling...
         Starting Monitoring of LVM2 mirrors... dmeventd or progress polling...
[   24.975491] systemd[1]: Mounting POSIX Message Queue File System...
         Mounting POSIX Message Queue File System...
[   25.019131] systemd[1]: Listening on Syslog Socket.
[[0;32m  OK  [0m] Listening on Syslog Socket.
[   25.063508] systemd[1]: Starting Journal Service...
         Starting Journal Service...
[   25.236023] systemd[1]: Starting Nameserver information manager...
         Starting Nameserver information manager...
[   25.459653] systemd[1]: Listening on /dev/initctl Compatibility Named Pipe.
[[0;32m  OK  [0m] Listening on /dev/initctl Compatibility Named Pipe.
[   25.683442] systemd[1]: Starting Uncomplicated firewall...
         Starting Uncomplicated firewall...
[   25.827489] systemd[1]: Starting Remount Root and Kernel File Systems...
[   25.839200] EXT4-fs (sda1): re-mounted. Opts: (null)
         Starting Remount Root and Kernel File Systems...
[   26.019466] systemd[1]: Starting Set console keymap...
         Starting Set console keymap...
[   26.072539] systemd[1]: Mounted Debug File System.
[[0;32m  OK  [0m] Mounted Debug File System.
[   26.167975] systemd[1]: Mounted POSIX Message Queue File System.
[[0;32m  OK  [0m] Mounted POSIX Message Queue File System.
[   26.269937] systemd[1]: Mounted Huge Pages File System.
[[0;32m  OK  [0m] Mounted Huge Pages File System.
[   26.280102] systemd[1]: Started Journal Service.
[[0;32m  OK  [0m] Started Journal Service.
[[0;32m  OK  [0m] Started Create list of required sta...ce nodes for the current kernel.
[[0;32m  OK  [0m] Started Load Kernel Modules.
[[0;32m  OK  [0m] Started Uncomplicated firewall.
[[0;32m  OK  [0m] Started Remount Root and Kernel File Systems.
[[0;32m  OK  [0m] Started Set console keymap.
[[0;32m  OK  [0m] Started Nameserver information manager.
[[0;32m  OK  [0m] Started LVM2 metadata daemon.
         Starting udev Coldplug all Devices...
         Starting Load/Save Random Seed...
         Starting Apply Kernel Variables...
         Mounting FUSE Control File System...
         Starting Create Static Device Nodes in /dev...
         Starting Flush Journal to Persistent Storage...
[[0;32m  OK  [0m] Mounted FUSE Control File System.
[[0;32m  OK  [0m] Started Load/Save Random Seed.
[[0;32m  OK  [0m] Started Apply Kernel Variables.
[[0;32m  OK  [0m] Started udev Coldplug all Devices.
[[0;32m  OK  [0m] Started Monitoring of LVM2 mirrors,...ng dmeventd or progress polling.
[[0;32m  OK  [0m] Started Flush Journal to Persistent Storage.
[[0;32m  OK  [0m] Started Create Static Device Nodes in /dev.
         Starting udev Kernel Device Manager...
[[0;32m  OK  [0m] Started udev Kernel Device Manager.
[[0;32m  OK  [0m] Reached target Local File Systems (Pre).
[[0;32m  OK  [0m] Reached target Local File Systems.
         Starting LSB: AppArmor initialization...
         Starting Tell Plymouth To Write Out Runtime Data...
         Starting Create Volatile Files and Directories...
         Starting Initial cloud-init job (pre-networking)...
         Starting Set console font and keymap...
[[0;32m  OK  [0m] Started Dispatch Password Requests to Console Directory Watch.
[[0;32m  OK  [0m] Started Tell Plymouth To Write Out Runtime Data.
[[0;32m  OK  [0m] Started Create Volatile Files and Directories.
[[0;32m  OK  [0m] Found device /dev/ttyS0.
[[0;32m  OK  [0m] Listening on Load/Save RF Kill Switch Status /dev/rfkill Watch.
         Starting Update UTMP about System Boot/Shutdown...
[[0;32m  OK  [0m] Started Set console font and keymap.
[[0;32m  OK  [0m] Created slice system-getty.slice.
[[0;32m  OK  [0m] Started Update UTMP about System Boot/Shutdown.
[[0;32m  OK  [0m] Found device 82540EM Gigabit Ethern...r (PRO/1000 MT Desktop Adapter).
[[0;32m  OK  [0m] Started LSB: AppArmor initialization.
[   24.063661] cloud-init[496]: Cloud-init v. 18.2 running 'init-local' at Tue, 10 Jul 2018 23:34:07 +0000. Up 23.47 seconds.
[[0;32m  OK  [0m] Started Initial cloud-init job (pre-networking).
[[0;32m  OK  [0m] Reached target Network (Pre).
[[0;32m  OK  [0m] Started ifup for enp0s3.
         Starting Raise network interfaces...
[[0;32m  OK  [0m] Started Raise network interfaces.
         Starting Initial cloud-init job (metadata service crawler)...
[[0;32m  OK  [0m] Reached target Network.
[   25.321222] cloud-init[988]: Cloud-init v. 18.2 running 'init' at Tue, 10 Jul 2018 23:34:08 +0000. Up 24.81 seconds.
[   25.465012] [cloud-init[0;32m  OK  [0m[988]: ] ci-info: +++++++++++++++++++++++++++++++++++++Net device info++++++++++++++++++++++++++++++++++++++Started Initial cloud-init job (metadata service crawler).

[   25.465336] cloud-init[988]: ci-info: +--------+------+----------------------------+---------------+-------+-------------------+
[   25.901316] [cloud-init[0;32m  OK  [0m[988]: ] ci-info: | Device |  Up  |          Address           |      Mask     | Scope |     Hw-Address    |Reached target Cloud-config availability.

[[0;32m  OK  [0m] Reached target Network is Online.
[   25.901786] cloud-init[988]: ci-info: +--------+------+----------------------------+---------------+-------+-------------------+
[   26.009229]          Starting iSCSI initiator daemon (iscsid)...
[[0;32m  OK  [0m] Reached target System Initialization.
cloud-init[988]: ci-info: | enp0s3 | True |         10.0.2.15          | 255.255.255.0 |   .   | 02:b0:72:86:cc:22 |
[   26.038767] [[0;32m  OK  [0m] Started ACPI Events Check.
[[0;32m  OK  [0m] Reached target Paths.
cloud-init[988]: ci-info: | enp0s3 | True | fe80::b0:72ff:fe86:cc22/64 |       .       |  link | 02:b0:72:86:cc:22 |
[   26.088517]          cloud-initStarting LXD - unix socket.[988]: 
ci-info: |   lo   | True |         127.0.0.1          |   255.0.0.0   |   .   |         .         |
[   26.125768] [cloud-init[0;32m  OK  [0m[988]: ] ci-info: |   lo   | True |          ::1/128           |       .       |  host |         .         |Started Daily Cleanup of Temporary Directories.

[   26.126188] cloud-init[988]: ci-info: +--------+------+----------------------------+---------------+-------+-------------------+
[   26.279331] [cloud-init[0;32m  OK  [0m[988]: ] ci-info: +++++++++++++++++++++++++++Route IPv4 info++++++++++++++++++++++++++++Started Daily apt download activities.

[[0;32m  OK  [0m] Started Daily apt upgrade and clean activities.
[[0;32m  OK  [0m] Reached target Timers.
[[0;32m  OK  [0m] Listening on UUID daemon activation socket.
[   26.279785] cloud-init[988]: ci-info: +-------+-------------+----------+---------------+-----------+-------+
[   26.421050]          cloud-initStarting Socket activation for snappy daemon.[988]: 
ci-info: | Route | Destination | Gateway  |    Genmask    | Interface | Flags |
[   26.438564] [cloud-init[0;32m  OK  [0m[988]: ] ci-info: +-------+-------------+----------+---------------+-----------+-------+Listening on ACPID Listen Socket.

[[0;32m  OK  [0m] Listening on D-Bus System Message Bus Socket.
[   26.439014] cloud-init[988]: ci-info: |   0   |   0.0.0.0   | 10.0.2.2 |    0.0.0.0    |   enp0s3  |   UG  |
[   26.538889] [cloud-init[0;32m  OK  [0m[988]: ] ci-info: |   1   |   10.0.2.0  | 0.0.0.0  | 255.255.255.0 |   enp0s3  |   U   |Listening on LXD - unix socket.

[[0;32m  OK  [0m] Listening on Socket activation for snappy daemon.
[   26.539255] cloud-init[988]: ci-info: +-------+-------------+----------+---------------+-----------+-------+
[[0;32m  OK  [0m] Reached target Sockets.
[[0;32m  OK  [0m] Reached target Basic System.
         Starting /etc/rc.local Compatibility...
         Starting LSB: Record successful boot for GRUB...
[[0;32m  OK  [0m] Started FUSE filesystem for LXC.
[[0;32m  OK  [0m] Started Regular background program processing daemon.
         Starting LXD - container startup/shutdown...
[[0;32m  OK  [0m] Started D-Bus System Message Bus.
         Starting LSB: MD monitoring daemon...
         Starting Apply the settings specified in cloud-config...
         Starting OpenBSD Secure Shell server...
         Starting Login Service...
         Starting Snappy daemon...
[[0;32m  OK  [0m] Started ACPI event daemon.
         Starting System Logging Service...
         Starting Virtualbox guest utils...
[[0;32m  OK  [0m] Started Deferred execution scheduler.
         Starting Accounts Service...
[[0;32m  OK  [0m] Started Unattended Upgrades Shutdown.
[[0;32m  OK  [0m] Started iSCSI initiator daemon (iscsid).
[[0;32m  OK  [0m] Started /etc/rc.local Compatibility.
         Starting Login to default iSCSI targets...
[[0;32m  OK  [0m] Started Login Service.
[   27.921025] cloud-init[1070]: Cloud-init v. 18.2 running 'modules:config' at Tue, 10 Jul 2018 23:34:11 +0000. Up 27.50 seconds.
[[0;32m  OK  [0m] Started LSB: MD monitoring daemon.
[[0;32m  OK  [0m] Started Apply the settings specified in cloud-config.
[[0;32m  OK  [0m] Started LSB: Record successful boot for GRUB.
[[0;32m  OK  [0m] Started LXD - container startup/shutdown.
[[0;32m  OK  [0m] Started Login to default iSCSI targets.
[[0;32m  OK  [0m] Reached target Remote File Systems (Pre).
[[0;32m  OK  [0m] Reached target Remote File Systems.
         Starting LSB: Set the CPU Frequency Scaling governor to "ondemand"...
         Starting LSB: daemon to balance interrupts for SMP systems...
         Starting LSB: automatic crash report generation...
         Starting Permit User Sessions...
[[0;32m  OK  [0m] Started LSB: Set the CPU Frequency Scaling governor to "ondemand".
[[0;32m  OK  [0m] Started Permit User Sessions.
[[0;32m  OK  [0m] Started OpenBSD Secure Shell server.
[[0;32m  OK  [0m] Started System Logging Service.
[[0;32m  OK  [0m] Started LSB: daemon to balance interrupts for SMP systems.
         Starting Hold until boot process finishes up...
         Starting Terminate Plymouth Boot Screen...
[[0;32m  OK  [0m] Started Virtualbox guest utils.
[[0;32m  OK  [0m] Started LSB: automatic crash report generation.
[[0;32m  OK  [0m] Started Hold until boot process finishes up.
[[0;32m  OK  [0m] Started Terminate Plymouth Boot Screen.
[[0;32m  OK  [0m] Started Snappy daemon.
         Starting Wait until snapd is fully seeded...
         Starting Authenticate and Authorize Users to Run Privileged Tasks...
         Starting Set console scheme...
[[0;32m  OK  [0m] Started Getty on tty1.
[[0;32m  OK  [0m] Started Serial Getty on ttyS0.
[[0;32m  OK  [0m] Reached target Login Prompts.
[[0;32m  OK  [0m] Started Wait until snapd is fully seeded.
[[0;32m  OK  [0m] Started Set console scheme.
[[0;32m  OK  [0m] Started Authenticate and Authorize Users to Run Privileged Tasks.
[[0;32m  OK  [0m] Started Accounts Service.
[[0;32m  OK  [0m] Reached target Multi-User System.
         Starting Execute cloud user/final scripts...
[[0;32m  OK  [0m] Reached target Graphical Interface.
         Starting Update UTMP about System Runlevel Changes...
[[0;32m  OK  [0m] Started Update UTMP about System Runlevel Changes.
[   29.356644] cloud-init[1223]: Cloud-init v. 18.2 running 'modules:final' at Tue, 10 Jul 2018 23:34:12 +0000. Up 29.22 seconds.
[   29.505153] cloud-init[1223]: Cloud-init v. 18.2 finished at Tue, 10 Jul 2018 23:34:13 +0000. Datasource DataSourceNoCloud [seed=/dev/sdb][dsmode=net].  Up 29.35 seconds
[[0;32m  OK  [0m] Started Execute cloud user/final scripts.
         Starting Daily apt download activities...
[[0;32m  OK  [0m] Reached target Cloud-init target.
[[0;32m  OK  [0m] Started Daily apt download activities.

Ubuntu 16.04.4 LTS ubuntu-xenial ttyS0

ubuntu-xenial login: 